{"C:\\Users\\ACER\\Desktop\\task1-web-api\\app.js": {"path":"C:\\Users\\ACER\\Desktop\\task1-web-api\\app.js","statementMap":{"0":{"start":{"line":2,"column":0},"end":{"line":2,"column":27}},"1":{"start":{"line":3,"column":16},"end":{"line":3,"column":34}},"2":{"start":{"line":4,"column":19},"end":{"line":4,"column":50}},"3":{"start":{"line":5,"column":23},"end":{"line":5,"column":52}},"4":{"start":{"line":6,"column":19},"end":{"line":6,"column":50}},"5":{"start":{"line":7,"column":17},"end":{"line":7,"column":36}},"6":{"start":{"line":8,"column":13},"end":{"line":8,"column":28}},"7":{"start":{"line":9,"column":12},"end":{"line":9,"column":21}},"8":{"start":{"line":11,"column":0},"end":{"line":14,"column":36}},"9":{"start":{"line":13,"column":14},"end":{"line":13,"column":50}},"10":{"start":{"line":14,"column":18},"end":{"line":14,"column":34}},"11":{"start":{"line":16,"column":0},"end":{"line":16,"column":16}},"12":{"start":{"line":17,"column":0},"end":{"line":17,"column":24}},"13":{"start":{"line":18,"column":0},"end":{"line":18,"column":34}},"14":{"start":{"line":20,"column":0},"end":{"line":20,"column":30}},"15":{"start":{"line":21,"column":0},"end":{"line":21,"column":30}},"16":{"start":{"line":25,"column":0},"end":{"line":31,"column":3}},"17":{"start":{"line":27,"column":2},"end":{"line":29,"column":3}},"18":{"start":{"line":28,"column":4},"end":{"line":28,"column":20}},"19":{"start":{"line":30,"column":2},"end":{"line":30,"column":35}},"20":{"start":{"line":34,"column":0},"end":{"line":36,"column":3}},"21":{"start":{"line":35,"column":2},"end":{"line":35,"column":52}},"22":{"start":{"line":38,"column":0},"end":{"line":38,"column":21}}},"fnMap":{"0":{"name":"(anonymous_0)","decl":{"start":{"line":13,"column":8},"end":{"line":13,"column":9}},"loc":{"start":{"line":13,"column":14},"end":{"line":13,"column":50}},"line":13},"1":{"name":"(anonymous_1)","decl":{"start":{"line":14,"column":9},"end":{"line":14,"column":10}},"loc":{"start":{"line":14,"column":18},"end":{"line":14,"column":34}},"line":14},"2":{"name":"(anonymous_2)","decl":{"start":{"line":25,"column":8},"end":{"line":25,"column":9}},"loc":{"start":{"line":25,"column":33},"end":{"line":31,"column":1}},"line":25},"3":{"name":"(anonymous_3)","decl":{"start":{"line":34,"column":8},"end":{"line":34,"column":9}},"loc":{"start":{"line":34,"column":22},"end":{"line":36,"column":1}},"line":34}},"branchMap":{"0":{"loc":{"start":{"line":27,"column":2},"end":{"line":29,"column":3}},"type":"if","locations":[{"start":{"line":27,"column":2},"end":{"line":29,"column":3}},{"start":{},"end":{}}],"line":27},"1":{"loc":{"start":{"line":27,"column":6},"end":{"line":27,"column":64}},"type":"binary-expr","locations":[{"start":{"line":27,"column":6},"end":{"line":27,"column":36}},{"start":{"line":27,"column":40},"end":{"line":27,"column":64}}],"line":27}},"s":{"0":2,"1":2,"2":2,"3":2,"4":2,"5":2,"6":2,"7":2,"8":2,"9":2,"10":0,"11":2,"12":2,"13":2,"14":2,"15":2,"16":2,"17":0,"18":0,"19":0,"20":2,"21":1,"22":2},"f":{"0":2,"1":0,"2":0,"3":1},"b":{"0":[0,0],"1":[0,0]},"_coverageSchema":"1a1c01bbd47fc00a2c39e90264f33305004495a9","hash":"1ef898e32057842f22c2460e8a2e6fcd160003e0"}
,"C:\\Users\\ACER\\Desktop\\task1-web-api\\index.js": {"path":"C:\\Users\\ACER\\Desktop\\task1-web-api\\index.js","statementMap":{"0":{"start":{"line":1,"column":12},"end":{"line":1,"column":28}},"1":{"start":{"line":5,"column":0},"end":{"line":7,"column":3}},"2":{"start":{"line":6,"column":2},"end":{"line":6,"column":64}},"3":{"start":{"line":8,"column":0},"end":{"line":8,"column":21}}},"fnMap":{"0":{"name":"(anonymous_0)","decl":{"start":{"line":5,"column":30},"end":{"line":5,"column":31}},"loc":{"start":{"line":5,"column":36},"end":{"line":7,"column":1}},"line":5}},"branchMap":{},"s":{"0":2,"1":2,"2":0,"3":2},"f":{"0":0},"b":{},"_coverageSchema":"1a1c01bbd47fc00a2c39e90264f33305004495a9","hash":"d924144b0808221a285ba2cf2f332824d8fccf41"}
,"C:\\Users\\ACER\\Desktop\\task1-web-api\\controllers\\task-controller.js": {"path":"C:\\Users\\ACER\\Desktop\\task1-web-api\\controllers\\task-controller.js","statementMap":{"0":{"start":{"line":1,"column":13},"end":{"line":1,"column":38}},"1":{"start":{"line":3,"column":0},"end":{"line":66,"column":2}},"2":{"start":{"line":5,"column":59},"end":{"line":5,"column":67}},"3":{"start":{"line":7,"column":4},"end":{"line":7,"column":25}},"4":{"start":{"line":8,"column":17},"end":{"line":8,"column":28}},"5":{"start":{"line":9,"column":4},"end":{"line":9,"column":28}},"6":{"start":{"line":11,"column":4},"end":{"line":15,"column":19}},"7":{"start":{"line":13,"column":8},"end":{"line":13,"column":35}},"8":{"start":{"line":19,"column":4},"end":{"line":21,"column":16}},"9":{"start":{"line":20,"column":19},"end":{"line":20,"column":45}},"10":{"start":{"line":26,"column":19},"end":{"line":26,"column":30}},"11":{"start":{"line":27,"column":4},"end":{"line":27,"column":69}},"12":{"start":{"line":29,"column":4},"end":{"line":37,"column":9}},"13":{"start":{"line":31,"column":8},"end":{"line":31,"column":55}},"14":{"start":{"line":32,"column":8},"end":{"line":32,"column":24}},"15":{"start":{"line":35,"column":8},"end":{"line":35,"column":54}},"16":{"start":{"line":36,"column":8},"end":{"line":36,"column":20}},"17":{"start":{"line":41,"column":19},"end":{"line":41,"column":32}},"18":{"start":{"line":42,"column":65},"end":{"line":42,"column":73}},"19":{"start":{"line":44,"column":4},"end":{"line":51,"column":19}},"20":{"start":{"line":46,"column":8},"end":{"line":48,"column":9}},"21":{"start":{"line":47,"column":10},"end":{"line":47,"column":67}},"22":{"start":{"line":49,"column":8},"end":{"line":49,"column":23}},"23":{"start":{"line":55,"column":19},"end":{"line":55,"column":32}},"24":{"start":{"line":57,"column":4},"end":{"line":64,"column":19}},"25":{"start":{"line":59,"column":8},"end":{"line":61,"column":9}},"26":{"start":{"line":60,"column":10},"end":{"line":60,"column":67}},"27":{"start":{"line":62,"column":8},"end":{"line":62,"column":59}}},"fnMap":{"0":{"name":"(anonymous_0)","decl":{"start":{"line":4,"column":14},"end":{"line":4,"column":15}},"loc":{"start":{"line":4,"column":34},"end":{"line":16,"column":3}},"line":4},"1":{"name":"(anonymous_1)","decl":{"start":{"line":12,"column":12},"end":{"line":12,"column":13}},"loc":{"start":{"line":12,"column":22},"end":{"line":14,"column":7}},"line":12},"2":{"name":"(anonymous_2)","decl":{"start":{"line":18,"column":15},"end":{"line":18,"column":16}},"loc":{"start":{"line":18,"column":35},"end":{"line":22,"column":3}},"line":18},"3":{"name":"(anonymous_3)","decl":{"start":{"line":20,"column":10},"end":{"line":20,"column":11}},"loc":{"start":{"line":20,"column":19},"end":{"line":20,"column":45}},"line":20},"4":{"name":"(anonymous_4)","decl":{"start":{"line":25,"column":18},"end":{"line":25,"column":19}},"loc":{"start":{"line":25,"column":38},"end":{"line":38,"column":3}},"line":25},"5":{"name":"(anonymous_5)","decl":{"start":{"line":30,"column":12},"end":{"line":30,"column":13}},"loc":{"start":{"line":30,"column":23},"end":{"line":33,"column":7}},"line":30},"6":{"name":"(anonymous_6)","decl":{"start":{"line":34,"column":13},"end":{"line":34,"column":14}},"loc":{"start":{"line":34,"column":24},"end":{"line":37,"column":7}},"line":34},"7":{"name":"(anonymous_7)","decl":{"start":{"line":40,"column":14},"end":{"line":40,"column":15}},"loc":{"start":{"line":40,"column":34},"end":{"line":52,"column":3}},"line":40},"8":{"name":"(anonymous_8)","decl":{"start":{"line":45,"column":12},"end":{"line":45,"column":13}},"loc":{"start":{"line":45,"column":22},"end":{"line":50,"column":7}},"line":45},"9":{"name":"(anonymous_9)","decl":{"start":{"line":54,"column":14},"end":{"line":54,"column":15}},"loc":{"start":{"line":54,"column":34},"end":{"line":65,"column":3}},"line":54},"10":{"name":"(anonymous_10)","decl":{"start":{"line":58,"column":12},"end":{"line":58,"column":13}},"loc":{"start":{"line":58,"column":22},"end":{"line":63,"column":7}},"line":58}},"branchMap":{"0":{"loc":{"start":{"line":46,"column":8},"end":{"line":48,"column":9}},"type":"if","locations":[{"start":{"line":46,"column":8},"end":{"line":48,"column":9}},{"start":{},"end":{}}],"line":46},"1":{"loc":{"start":{"line":59,"column":8},"end":{"line":61,"column":9}},"type":"if","locations":[{"start":{"line":59,"column":8},"end":{"line":61,"column":9}},{"start":{},"end":{}}],"line":59}},"s":{"0":2,"1":2,"2":0,"3":0,"4":0,"5":0,"6":0,"7":0,"8":1,"9":1,"10":0,"11":0,"12":0,"13":0,"14":0,"15":0,"16":0,"17":0,"18":0,"19":0,"20":0,"21":0,"22":0,"23":0,"24":0,"25":0,"26":0,"27":0},"f":{"0":0,"1":0,"2":1,"3":1,"4":0,"5":0,"6":0,"7":0,"8":0,"9":0,"10":0},"b":{"0":[0,0],"1":[0,0]},"_coverageSchema":"1a1c01bbd47fc00a2c39e90264f33305004495a9","hash":"9ef5a406ae3d7ed4b057161c679d00a8e90314da"}
,"C:\\Users\\ACER\\Desktop\\task1-web-api\\controllers\\user-controller.js": {"path":"C:\\Users\\ACER\\Desktop\\task1-web-api\\controllers\\user-controller.js","statementMap":{"0":{"start":{"line":1,"column":13},"end":{"line":1,"column":38}},"1":{"start":{"line":2,"column":15},"end":{"line":2,"column":32}},"2":{"start":{"line":3,"column":12},"end":{"line":3,"column":35}},"3":{"start":{"line":5,"column":0},"end":{"line":127,"column":2}},"4":{"start":{"line":7,"column":52},"end":{"line":7,"column":60}},"5":{"start":{"line":9,"column":4},"end":{"line":23,"column":19}},"6":{"start":{"line":11,"column":8},"end":{"line":11,"column":81}},"7":{"start":{"line":11,"column":18},"end":{"line":11,"column":81}},"8":{"start":{"line":13,"column":8},"end":{"line":21,"column":11}},"9":{"start":{"line":14,"column":10},"end":{"line":14,"column":71}},"10":{"start":{"line":14,"column":19},"end":{"line":14,"column":71}},"11":{"start":{"line":16,"column":10},"end":{"line":20,"column":25}},"12":{"start":{"line":18,"column":14},"end":{"line":18,"column":41}},"13":{"start":{"line":27,"column":35},"end":{"line":27,"column":43}},"14":{"start":{"line":28,"column":4},"end":{"line":28,"column":25}},"15":{"start":{"line":30,"column":4},"end":{"line":56,"column":19}},"16":{"start":{"line":32,"column":8},"end":{"line":32,"column":84}},"17":{"start":{"line":32,"column":19},"end":{"line":32,"column":84}},"18":{"start":{"line":34,"column":8},"end":{"line":54,"column":11}},"19":{"start":{"line":35,"column":10},"end":{"line":35,"column":71}},"20":{"start":{"line":35,"column":19},"end":{"line":35,"column":71}},"21":{"start":{"line":36,"column":10},"end":{"line":36,"column":90}},"22":{"start":{"line":36,"column":24},"end":{"line":36,"column":90}},"23":{"start":{"line":38,"column":26},"end":{"line":43,"column":11}},"24":{"start":{"line":45,"column":10},"end":{"line":53,"column":12}},"25":{"start":{"line":50,"column":14},"end":{"line":50,"column":75}},"26":{"start":{"line":50,"column":23},"end":{"line":50,"column":75}},"27":{"start":{"line":51,"column":14},"end":{"line":51,"column":60}},"28":{"start":{"line":60,"column":4},"end":{"line":62,"column":5}},"29":{"start":{"line":61,"column":6},"end":{"line":61,"column":61}},"30":{"start":{"line":64,"column":19},"end":{"line":64,"column":30}},"31":{"start":{"line":66,"column":4},"end":{"line":82,"column":19}},"32":{"start":{"line":68,"column":8},"end":{"line":70,"column":9}},"33":{"start":{"line":69,"column":10},"end":{"line":69,"column":67}},"34":{"start":{"line":73,"column":28},"end":{"line":78,"column":9}},"35":{"start":{"line":80,"column":8},"end":{"line":80,"column":30}},"36":{"start":{"line":86,"column":19},"end":{"line":86,"column":30}},"37":{"start":{"line":87,"column":42},"end":{"line":87,"column":50}},"38":{"start":{"line":89,"column":4},"end":{"line":103,"column":19}},"39":{"start":{"line":91,"column":8},"end":{"line":91,"column":76}},"40":{"start":{"line":91,"column":19},"end":{"line":91,"column":76}},"41":{"start":{"line":94,"column":35},"end":{"line":99,"column":9}},"42":{"start":{"line":101,"column":8},"end":{"line":101,"column":37}},"43":{"start":{"line":107,"column":19},"end":{"line":107,"column":30}},"44":{"start":{"line":108,"column":31},"end":{"line":108,"column":39}},"45":{"start":{"line":110,"column":4},"end":{"line":125,"column":19}},"46":{"start":{"line":112,"column":8},"end":{"line":112,"column":76}},"47":{"start":{"line":112,"column":19},"end":{"line":112,"column":76}},"48":{"start":{"line":115,"column":35},"end":{"line":121,"column":9}},"49":{"start":{"line":123,"column":8},"end":{"line":123,"column":37}}},"fnMap":{"0":{"name":"(anonymous_0)","decl":{"start":{"line":6,"column":12},"end":{"line":6,"column":13}},"loc":{"start":{"line":6,"column":32},"end":{"line":24,"column":3}},"line":6},"1":{"name":"(anonymous_1)","decl":{"start":{"line":10,"column":12},"end":{"line":10,"column":13}},"loc":{"start":{"line":10,"column":22},"end":{"line":22,"column":7}},"line":10},"2":{"name":"(anonymous_2)","decl":{"start":{"line":13,"column":34},"end":{"line":13,"column":35}},"loc":{"start":{"line":13,"column":49},"end":{"line":21,"column":9}},"line":13},"3":{"name":"(anonymous_3)","decl":{"start":{"line":17,"column":18},"end":{"line":17,"column":19}},"loc":{"start":{"line":17,"column":28},"end":{"line":19,"column":13}},"line":17},"4":{"name":"(anonymous_4)","decl":{"start":{"line":26,"column":9},"end":{"line":26,"column":10}},"loc":{"start":{"line":26,"column":29},"end":{"line":57,"column":3}},"line":26},"5":{"name":"(anonymous_5)","decl":{"start":{"line":31,"column":12},"end":{"line":31,"column":13}},"loc":{"start":{"line":31,"column":22},"end":{"line":55,"column":7}},"line":31},"6":{"name":"(anonymous_6)","decl":{"start":{"line":34,"column":48},"end":{"line":34,"column":49}},"loc":{"start":{"line":34,"column":66},"end":{"line":54,"column":9}},"line":34},"7":{"name":"(anonymous_7)","decl":{"start":{"line":49,"column":12},"end":{"line":49,"column":13}},"loc":{"start":{"line":49,"column":28},"end":{"line":52,"column":13}},"line":49},"8":{"name":"(anonymous_8)","decl":{"start":{"line":59,"column":18},"end":{"line":59,"column":19}},"loc":{"start":{"line":59,"column":38},"end":{"line":83,"column":3}},"line":59},"9":{"name":"(anonymous_9)","decl":{"start":{"line":67,"column":12},"end":{"line":67,"column":13}},"loc":{"start":{"line":67,"column":22},"end":{"line":81,"column":7}},"line":67},"10":{"name":"(anonymous_10)","decl":{"start":{"line":85,"column":21},"end":{"line":85,"column":22}},"loc":{"start":{"line":85,"column":41},"end":{"line":104,"column":3}},"line":85},"11":{"name":"(anonymous_11)","decl":{"start":{"line":90,"column":12},"end":{"line":90,"column":13}},"loc":{"start":{"line":90,"column":22},"end":{"line":102,"column":7}},"line":90},"12":{"name":"(anonymous_12)","decl":{"start":{"line":106,"column":28},"end":{"line":106,"column":29}},"loc":{"start":{"line":106,"column":48},"end":{"line":126,"column":3}},"line":106},"13":{"name":"(anonymous_13)","decl":{"start":{"line":111,"column":12},"end":{"line":111,"column":13}},"loc":{"start":{"line":111,"column":22},"end":{"line":124,"column":7}},"line":111}},"branchMap":{"0":{"loc":{"start":{"line":11,"column":8},"end":{"line":11,"column":81}},"type":"if","locations":[{"start":{"line":11,"column":8},"end":{"line":11,"column":81}},{"start":{},"end":{}}],"line":11},"1":{"loc":{"start":{"line":14,"column":10},"end":{"line":14,"column":71}},"type":"if","locations":[{"start":{"line":14,"column":10},"end":{"line":14,"column":71}},{"start":{},"end":{}}],"line":14},"2":{"loc":{"start":{"line":32,"column":8},"end":{"line":32,"column":84}},"type":"if","locations":[{"start":{"line":32,"column":8},"end":{"line":32,"column":84}},{"start":{},"end":{}}],"line":32},"3":{"loc":{"start":{"line":35,"column":10},"end":{"line":35,"column":71}},"type":"if","locations":[{"start":{"line":35,"column":10},"end":{"line":35,"column":71}},{"start":{},"end":{}}],"line":35},"4":{"loc":{"start":{"line":36,"column":10},"end":{"line":36,"column":90}},"type":"if","locations":[{"start":{"line":36,"column":10},"end":{"line":36,"column":90}},{"start":{},"end":{}}],"line":36},"5":{"loc":{"start":{"line":50,"column":14},"end":{"line":50,"column":75}},"type":"if","locations":[{"start":{"line":50,"column":14},"end":{"line":50,"column":75}},{"start":{},"end":{}}],"line":50},"6":{"loc":{"start":{"line":60,"column":4},"end":{"line":62,"column":5}},"type":"if","locations":[{"start":{"line":60,"column":4},"end":{"line":62,"column":5}},{"start":{},"end":{}}],"line":60},"7":{"loc":{"start":{"line":60,"column":8},"end":{"line":60,"column":33}},"type":"binary-expr","locations":[{"start":{"line":60,"column":8},"end":{"line":60,"column":17}},{"start":{"line":60,"column":21},"end":{"line":60,"column":33}}],"line":60},"8":{"loc":{"start":{"line":68,"column":8},"end":{"line":70,"column":9}},"type":"if","locations":[{"start":{"line":68,"column":8},"end":{"line":70,"column":9}},{"start":{},"end":{}}],"line":68},"9":{"loc":{"start":{"line":91,"column":8},"end":{"line":91,"column":76}},"type":"if","locations":[{"start":{"line":91,"column":8},"end":{"line":91,"column":76}},{"start":{},"end":{}}],"line":91},"10":{"loc":{"start":{"line":112,"column":8},"end":{"line":112,"column":76}},"type":"if","locations":[{"start":{"line":112,"column":8},"end":{"line":112,"column":76}},{"start":{},"end":{}}],"line":112}},"s":{"0":2,"1":2,"2":2,"3":2,"4":2,"5":2,"6":2,"7":1,"8":1,"9":1,"10":0,"11":1,"12":1,"13":9,"14":9,"15":9,"16":9,"17":5,"18":4,"19":4,"20":0,"21":4,"22":1,"23":3,"24":3,"25":3,"26":0,"27":3,"28":1,"29":0,"30":1,"31":1,"32":1,"33":0,"34":1,"35":1,"36":1,"37":1,"38":1,"39":1,"40":0,"41":1,"42":1,"43":0,"44":0,"45":0,"46":0,"47":0,"48":0,"49":0},"f":{"0":2,"1":2,"2":1,"3":1,"4":9,"5":9,"6":4,"7":3,"8":1,"9":1,"10":1,"11":1,"12":0,"13":0},"b":{"0":[1,1],"1":[0,1],"2":[5,4],"3":[0,4],"4":[1,3],"5":[0,3],"6":[0,1],"7":[1,1],"8":[0,1],"9":[0,1],"10":[0,0]},"_coverageSchema":"1a1c01bbd47fc00a2c39e90264f33305004495a9","hash":"cc6a593c4ee8bb59877817d92cb5e4890a09d55a"}
,"C:\\Users\\ACER\\Desktop\\task1-web-api\\middlewares\\auth.js": {"path":"C:\\Users\\ACER\\Desktop\\task1-web-api\\middlewares\\auth.js","statementMap":{"0":{"start":{"line":1,"column":12},"end":{"line":1,"column":35}},"1":{"start":{"line":3,"column":19},"end":{"line":17,"column":1}},"2":{"start":{"line":4,"column":16},"end":{"line":4,"column":56}},"3":{"start":{"line":6,"column":2},"end":{"line":8,"column":3}},"4":{"start":{"line":7,"column":4},"end":{"line":7,"column":66}},"5":{"start":{"line":10,"column":2},"end":{"line":16,"column":3}},"6":{"start":{"line":11,"column":20},"end":{"line":11,"column":57}},"7":{"start":{"line":12,"column":4},"end":{"line":12,"column":23}},"8":{"start":{"line":13,"column":4},"end":{"line":13,"column":11}},"9":{"start":{"line":15,"column":4},"end":{"line":15,"column":60}},"10":{"start":{"line":19,"column":0},"end":{"line":19,"column":32}}},"fnMap":{"0":{"name":"(anonymous_0)","decl":{"start":{"line":3,"column":19},"end":{"line":3,"column":20}},"loc":{"start":{"line":3,"column":39},"end":{"line":17,"column":1}},"line":3}},"branchMap":{"0":{"loc":{"start":{"line":6,"column":2},"end":{"line":8,"column":3}},"type":"if","locations":[{"start":{"line":6,"column":2},"end":{"line":8,"column":3}},{"start":{},"end":{}}],"line":6}},"s":{"0":2,"1":2,"2":6,"3":6,"4":0,"5":6,"6":6,"7":2,"8":2,"9":4,"10":2},"f":{"0":6},"b":{"0":[0,6]},"_coverageSchema":"1a1c01bbd47fc00a2c39e90264f33305004495a9","hash":"0b7fc7244822ad7873e603a5940308d5d6a38b1f"}
,"C:\\Users\\ACER\\Desktop\\task1-web-api\\models\\Task.js": {"path":"C:\\Users\\ACER\\Desktop\\task1-web-api\\models\\Task.js","statementMap":{"0":{"start":{"line":2,"column":17},"end":{"line":2,"column":36}},"1":{"start":{"line":4,"column":19},"end":{"line":30,"column":2}},"2":{"start":{"line":32,"column":0},"end":{"line":38,"column":3}},"3":{"start":{"line":34,"column":4},"end":{"line":34,"column":50}},"4":{"start":{"line":35,"column":4},"end":{"line":35,"column":32}},"5":{"start":{"line":36,"column":4},"end":{"line":36,"column":32}},"6":{"start":{"line":40,"column":0},"end":{"line":40,"column":52}}},"fnMap":{"0":{"name":"(anonymous_0)","decl":{"start":{"line":33,"column":13},"end":{"line":33,"column":14}},"loc":{"start":{"line":33,"column":45},"end":{"line":37,"column":3}},"line":33}},"branchMap":{},"s":{"0":2,"1":2,"2":2,"3":0,"4":0,"5":0,"6":2},"f":{"0":0},"b":{},"_coverageSchema":"1a1c01bbd47fc00a2c39e90264f33305004495a9","hash":"e39f74cacf7967b36f600ea52ad149cd95a4d6b4"}
,"C:\\Users\\ACER\\Desktop\\task1-web-api\\models\\User.js": {"path":"C:\\Users\\ACER\\Desktop\\task1-web-api\\models\\User.js","statementMap":{"0":{"start":{"line":1,"column":17},"end":{"line":1,"column":36}},"1":{"start":{"line":3,"column":19},"end":{"line":28,"column":2}},"2":{"start":{"line":30,"column":0},"end":{"line":37,"column":3}},"3":{"start":{"line":32,"column":4},"end":{"line":32,"column":48}},"4":{"start":{"line":33,"column":4},"end":{"line":33,"column":30}},"5":{"start":{"line":34,"column":4},"end":{"line":34,"column":35}},"6":{"start":{"line":35,"column":4},"end":{"line":35,"column":30}},"7":{"start":{"line":39,"column":0},"end":{"line":39,"column":52}}},"fnMap":{"0":{"name":"(anonymous_0)","decl":{"start":{"line":31,"column":13},"end":{"line":31,"column":14}},"loc":{"start":{"line":31,"column":43},"end":{"line":36,"column":3}},"line":31}},"branchMap":{},"s":{"0":2,"1":2,"2":2,"3":1,"4":1,"5":1,"6":1,"7":2},"f":{"0":1},"b":{},"_coverageSchema":"1a1c01bbd47fc00a2c39e90264f33305004495a9","hash":"9a58b739e7a92f485b78ca38dd5befa5bae12d07"}
,"C:\\Users\\ACER\\Desktop\\task1-web-api\\routes\\task-routes.js": {"path":"C:\\Users\\ACER\\Desktop\\task1-web-api\\routes\\task-routes.js","statementMap":{"0":{"start":{"line":1,"column":16},"end":{"line":1,"column":34}},"1":{"start":{"line":2,"column":15},"end":{"line":2,"column":31}},"2":{"start":{"line":3,"column":23},"end":{"line":3,"column":64}},"3":{"start":{"line":4,"column":23},"end":{"line":4,"column":53}},"4":{"start":{"line":7,"column":0},"end":{"line":7,"column":66}},"5":{"start":{"line":10,"column":0},"end":{"line":10,"column":50}},"6":{"start":{"line":14,"column":0},"end":{"line":14,"column":71}},"7":{"start":{"line":17,"column":0},"end":{"line":17,"column":53}},"8":{"start":{"line":20,"column":0},"end":{"line":20,"column":56}},"9":{"start":{"line":22,"column":0},"end":{"line":22,"column":24}}},"fnMap":{},"branchMap":{},"s":{"0":2,"1":2,"2":2,"3":2,"4":2,"5":2,"6":2,"7":2,"8":2,"9":2},"f":{},"b":{},"_coverageSchema":"1a1c01bbd47fc00a2c39e90264f33305004495a9","hash":"751e527903c5c308d89f7d4f79ee0ecd2a6cee03"}
,"C:\\Users\\ACER\\Desktop\\task1-web-api\\routes\\user-routes.js": {"path":"C:\\Users\\ACER\\Desktop\\task1-web-api\\routes\\user-routes.js","statementMap":{"0":{"start":{"line":1,"column":16},"end":{"line":1,"column":34}},"1":{"start":{"line":2,"column":15},"end":{"line":2,"column":31}},"2":{"start":{"line":3,"column":23},"end":{"line":3,"column":64}},"3":{"start":{"line":4,"column":23},"end":{"line":4,"column":53}},"4":{"start":{"line":7,"column":0},"end":{"line":7,"column":50}},"5":{"start":{"line":10,"column":0},"end":{"line":10,"column":44}},"6":{"start":{"line":13,"column":0},"end":{"line":13,"column":66}},"7":{"start":{"line":16,"column":0},"end":{"line":16,"column":77}},"8":{"start":{"line":19,"column":0},"end":{"line":19,"column":84}},"9":{"start":{"line":21,"column":0},"end":{"line":21,"column":24}}},"fnMap":{},"branchMap":{},"s":{"0":2,"1":2,"2":2,"3":2,"4":2,"5":2,"6":2,"7":2,"8":2,"9":2},"f":{},"b":{},"_coverageSchema":"1a1c01bbd47fc00a2c39e90264f33305004495a9","hash":"7760e604d02615d302f6524be89b938e816c0ace"}
}
