TN:
SF:app.js
FN:13,(anonymous_0)
FN:14,(anonymous_1)
FN:25,(anonymous_2)
FN:34,(anonymous_3)
FNF:4
FNH:2
FNDA:2,(anonymous_0)
FNDA:0,(anonymous_1)
FNDA:0,(anonymous_2)
FNDA:1,(anonymous_3)
DA:2,2
DA:3,2
DA:4,2
DA:5,2
DA:6,2
DA:7,2
DA:8,2
DA:9,2
DA:11,2
DA:13,2
DA:14,0
DA:16,2
DA:17,2
DA:18,2
DA:20,2
DA:21,2
DA:25,2
DA:27,0
DA:28,0
DA:30,0
DA:34,2
DA:35,1
DA:38,2
LF:23
LH:19
BRDA:27,0,0,0
BRDA:27,0,1,0
BRDA:27,1,0,0
BRDA:27,1,1,0
BRF:4
BRH:0
end_of_record
TN:
SF:index.js
FN:5,(anonymous_0)
FNF:1
FNH:0
FNDA:0,(anonymous_0)
DA:1,2
DA:5,2
DA:6,0
DA:8,2
LF:4
LH:3
BRF:0
BRH:0
end_of_record
TN:
SF:controllers\task-controller.js
FN:4,(anonymous_0)
FN:12,(anonymous_1)
FN:18,(anonymous_2)
FN:20,(anonymous_3)
FN:25,(anonymous_4)
FN:30,(anonymous_5)
FN:34,(anonymous_6)
FN:40,(anonymous_7)
FN:45,(anonymous_8)
FN:54,(anonymous_9)
FN:58,(anonymous_10)
FNF:11
FNH:2
FNDA:0,(anonymous_0)
FNDA:0,(anonymous_1)
FNDA:1,(anonymous_2)
FNDA:1,(anonymous_3)
FNDA:0,(anonymous_4)
FNDA:0,(anonymous_5)
FNDA:0,(anonymous_6)
FNDA:0,(anonymous_7)
FNDA:0,(anonymous_8)
FNDA:0,(anonymous_9)
FNDA:0,(anonymous_10)
DA:1,2
DA:3,2
DA:5,0
DA:7,0
DA:8,0
DA:9,0
DA:11,0
DA:13,0
DA:19,1
DA:20,1
DA:26,0
DA:27,0
DA:29,0
DA:31,0
DA:32,0
DA:35,0
DA:36,0
DA:41,0
DA:42,0
DA:44,0
DA:46,0
DA:47,0
DA:49,0
DA:55,0
DA:57,0
DA:59,0
DA:60,0
DA:62,0
LF:28
LH:4
BRDA:46,0,0,0
BRDA:46,0,1,0
BRDA:59,1,0,0
BRDA:59,1,1,0
BRF:4
BRH:0
end_of_record
TN:
SF:controllers\user-controller.js
FN:6,(anonymous_0)
FN:10,(anonymous_1)
FN:13,(anonymous_2)
FN:17,(anonymous_3)
FN:26,(anonymous_4)
FN:31,(anonymous_5)
FN:34,(anonymous_6)
FN:49,(anonymous_7)
FN:59,(anonymous_8)
FN:67,(anonymous_9)
FN:85,(anonymous_10)
FN:90,(anonymous_11)
FN:106,(anonymous_12)
FN:111,(anonymous_13)
FNF:14
FNH:12
FNDA:2,(anonymous_0)
FNDA:2,(anonymous_1)
FNDA:1,(anonymous_2)
FNDA:1,(anonymous_3)
FNDA:9,(anonymous_4)
FNDA:9,(anonymous_5)
FNDA:4,(anonymous_6)
FNDA:3,(anonymous_7)
FNDA:1,(anonymous_8)
FNDA:1,(anonymous_9)
FNDA:1,(anonymous_10)
FNDA:1,(anonymous_11)
FNDA:0,(anonymous_12)
FNDA:0,(anonymous_13)
DA:1,2
DA:2,2
DA:3,2
DA:5,2
DA:7,2
DA:9,2
DA:11,2
DA:13,1
DA:14,1
DA:16,1
DA:18,1
DA:27,9
DA:28,9
DA:30,9
DA:32,9
DA:34,4
DA:35,4
DA:36,4
DA:38,3
DA:45,3
DA:50,3
DA:51,3
DA:60,1
DA:61,0
DA:64,1
DA:66,1
DA:68,1
DA:69,0
DA:73,1
DA:80,1
DA:86,1
DA:87,1
DA:89,1
DA:91,1
DA:94,1
DA:101,1
DA:107,0
DA:108,0
DA:110,0
DA:112,0
DA:115,0
DA:123,0
LF:42
LH:34
BRDA:11,0,0,1
BRDA:11,0,1,1
BRDA:14,1,0,0
BRDA:14,1,1,1
BRDA:32,2,0,5
BRDA:32,2,1,4
BRDA:35,3,0,0
BRDA:35,3,1,4
BRDA:36,4,0,1
BRDA:36,4,1,3
BRDA:50,5,0,0
BRDA:50,5,1,3
BRDA:60,6,0,0
BRDA:60,6,1,1
BRDA:60,7,0,1
BRDA:60,7,1,1
BRDA:68,8,0,0
BRDA:68,8,1,1
BRDA:91,9,0,0
BRDA:91,9,1,1
BRDA:112,10,0,0
BRDA:112,10,1,0
BRF:22
BRH:14
end_of_record
TN:
SF:middlewares\auth.js
FN:3,(anonymous_0)
FNF:1
FNH:1
FNDA:6,(anonymous_0)
DA:1,2
DA:3,2
DA:4,6
DA:6,6
DA:7,0
DA:10,6
DA:11,6
DA:12,2
DA:13,2
DA:15,4
DA:19,2
LF:11
LH:10
BRDA:6,0,0,0
BRDA:6,0,1,6
BRF:2
BRH:1
end_of_record
TN:
SF:models\Task.js
FN:33,(anonymous_0)
FNF:1
FNH:0
FNDA:0,(anonymous_0)
DA:2,2
DA:4,2
DA:32,2
DA:34,0
DA:35,0
DA:36,0
DA:40,2
LF:7
LH:4
BRF:0
BRH:0
end_of_record
TN:
SF:models\User.js
FN:31,(anonymous_0)
FNF:1
FNH:1
FNDA:1,(anonymous_0)
DA:1,2
DA:3,2
DA:30,2
DA:32,1
DA:33,1
DA:34,1
DA:35,1
DA:39,2
LF:8
LH:8
BRF:0
BRH:0
end_of_record
TN:
SF:routes\task-routes.js
FNF:0
FNH:0
DA:1,2
DA:2,2
DA:3,2
DA:4,2
DA:7,2
DA:10,2
DA:14,2
DA:17,2
DA:20,2
DA:22,2
LF:10
LH:10
BRF:0
BRH:0
end_of_record
TN:
SF:routes\user-routes.js
FNF:0
FNH:0
DA:1,2
DA:2,2
DA:3,2
DA:4,2
DA:7,2
DA:10,2
DA:13,2
DA:16,2
DA:19,2
DA:21,2
LF:10
LH:10
BRF:0
BRH:0
end_of_record
